<?xml version="1.0" encoding="UTF-8"?>
<!-- Generated by org.testng.reporters.JUnitXMLReporter -->
<testsuite hostname="Vijay" name="Test PRODUCTION" tests="6" failures="4" timestamp="9 May 2018 06:18:36 GMT" time="112.348" errors="0">
  <testcase name="TrainerLogout" time="22.127" classname="com.trainer.qa.testcases.LoginPageTest"/>
  <testcase name="CloseBrowser" time="1.202" classname="com.trainer.qa.testcases.LoginPageTest"/>
  <testcase name="GmailLogin1" time="0.0" classname="com.trainer.qa.testcases.GmailLoginTest">
    <failure type="java.lang.NullPointerException">
      <![CDATA[java.lang.NullPointerException
	at com.trainer.qa.module.helpers.PopupWindow.PopupWindows(PopupWindow.java:14)
	at com.trainer.qa.module.helpers.SocialLogins.SocialLogin(SocialLogins.java:32)
	at com.trainer.qa.testcases.GmailLoginTest.GmailLogin1(GmailLoginTest.java:29)
... Removed 24 stack frames]]>
    </failure>
  </testcase> <!-- GmailLogin1 -->
  <testcase name="ClosegmailBrowser" time="9.013" classname="com.trainer.qa.testcases.GmailLoginTest">
    <failure type="java.lang.NullPointerException">
      <![CDATA[java.lang.NullPointerException
	at com.trainer.qa.testcases.GmailLoginTest.ClosegmailBrowser(GmailLoginTest.java:39)
... Removed 24 stack frames]]>
    </failure>
  </testcase> <!-- ClosegmailBrowser -->
  <testcase name="facbookTrainerLogin" time="0.0" classname="com.trainer.qa.testcases.FacebookLoginTest">
    <failure type="java.lang.NullPointerException">
      <![CDATA[java.lang.NullPointerException
	at com.trainer.qa.module.helpers.PopupWindow.PopupWindows(PopupWindow.java:14)
	at com.trainer.qa.module.helpers.SocialLogins.SocialLogin(SocialLogins.java:32)
	at com.trainer.qa.testcases.FacebookLoginTest.facbookTrainerLogin(FacebookLoginTest.java:29)
... Removed 24 stack frames]]>
    </failure>
  </testcase> <!-- facbookTrainerLogin -->
  <testcase name="CloseFacebookBrowser" time="9.015" classname="com.trainer.qa.testcases.FacebookLoginTest">
    <failure type="java.lang.NullPointerException">
      <![CDATA[java.lang.NullPointerException
	at com.trainer.qa.testcases.FacebookLoginTest.CloseFacebookBrowser(FacebookLoginTest.java:37)
... Removed 24 stack frames]]>
    </failure>
  </testcase> <!-- CloseFacebookBrowser -->
</testsuite> <!-- Test PRODUCTION -->
