<?xml version="1.0" encoding="UTF-8"?>
<!-- Generated by org.testng.reporters.JUnitXMLReporter -->
<testsuite hostname="Vijay-PC" name="Default test" tests="8" failures="0" timestamp="8 Jun 2018 15:25:00 GMT" time="138.846" errors="0">
  <testcase name="TypeCreateSchedule" time="9.108" classname="com.trainer.qa.testcases.CreateScheduleTest"/>
  <testcase name="WorkoutSessionName" time="4.099" classname="com.trainer.qa.testcases.CreateScheduleTest"/>
  <testcase name="WorkoutSessionType" time="0.314" classname="com.trainer.qa.testcases.CreateScheduleTest"/>
  <testcase name="WorkoutActivitySelection" time="4.862" classname="com.trainer.qa.testcases.CreateScheduleTest"/>
  <testcase name="TrainingLevelType" time="14.35" classname="com.trainer.qa.testcases.CreateScheduleTest"/>
  <testcase name="SessiononType" time="3.511" classname="com.trainer.qa.testcases.CreateScheduleTest"/>
  <testcase name="SessionTime" time="3.405" classname="com.trainer.qa.testcases.CreateScheduleTest"/>
  <testcase name="SessionDurationType" time="14.306" classname="com.trainer.qa.testcases.CreateScheduleTest"/>
</testsuite> <!-- Default test -->
